<?xml version="1.0" encoding="UTF-8"?>
<testsuite name="test.pivotal.pal.tracker.EnvControllerTest" tests="1" skipped="0" failures="0" errors="0" timestamp="2018-10-09T16:21:27" hostname="Madanrajs-MacBook-Air.local" time="0.0">
  <properties/>
  <testcase name="getEnv" classname="test.pivotal.pal.tracker.EnvControllerTest" time="0.0"/>
  <system-out><![CDATA[]]></system-out>
  <system-err><![CDATA[]]></system-err>
</testsuite>
